<?xml version="1.0" encoding="UTF-8"?>
<!-- Generated by org.testng.reporters.JUnitXMLReporter -->
<testsuite ignored="0" hostname="Drishtis-MBP.attlocal.net" failures="0" tests="13" name="Surefire test" time="19.337" errors="0" timestamp="2024-08-18T22:34:05 CDT">
  <testcase classname="saucedemoautomation.tests.AddProductsToCartTest" name="verifyCartBadgeAddFunctionality" time="2.107"/>
  <testcase classname="saucedemoautomation.tests.AddProductsToCartTest" name="verifyCartBadgeRemoveFunctionality" time="2.08"/>
  <testcase classname="saucedemoautomation.tests.CheckoutTest" name="verifyInvalidCheckoutInformation" time="2.302"/>
  <testcase classname="saucedemoautomation.tests.CheckoutTest" name="verifyValidCheckoutInformation" time="0.226"/>
  <testcase classname="saucedemoautomation.tests.AcessCartTest" name="verifyCartProductNameAndPrice" time="0.073"/>
  <testcase classname="saucedemoautomation.tests.SortProductsTest" name="sortByName" time="0.104"/>
  <testcase classname="saucedemoautomation.tests.SortProductsTest" name="sortByName" time="0.072"/>
  <testcase classname="saucedemoautomation.tests.SortProductsTest" name="sortByPrice" time="0.082"/>
  <testcase classname="saucedemoautomation.tests.SortProductsTest" name="sortByPrice" time="0.068"/>
  <testcase classname="saucedemoautomation.tests.LoginPageTest" name="VerifySignInFunctionality" time="2.319"/>
  <testcase classname="saucedemoautomation.tests.LoginPageTest" name="VerifySignInFunctionality" time="0.125"/>
  <testcase classname="saucedemoautomation.tests.LoginPageTest" name="VerifySignInFunctionality" time="0.146"/>
  <testcase classname="saucedemoautomation.tests.LoginPageTest" name="VerifySignInFunctionality" time="0.12"/>
</testsuite> <!-- Surefire test -->
