<?xml version="1.0" encoding="UTF-8"?>
<!-- Generated by org.testng.reporters.JUnitXMLReporter -->
<testsuite ignored="0" hostname="Drishtis-MBP.attlocal.net" failures="0" tests="13" name="Test on Firefox" time="41.642" errors="0" timestamp="2024-08-18T19:54:19 CDT">
  <testcase classname="saucedemoautomation.tests.AcessCartTest" name="verifyCartProductNameAndPrice" time="0.095"/>
  <testcase classname="saucedemoautomation.tests.SortProductsTest" name="sortByName" time="0.302"/>
  <testcase classname="saucedemoautomation.tests.SortProductsTest" name="sortByName" time="0.282"/>
  <testcase classname="saucedemoautomation.tests.SortProductsTest" name="sortByPrice" time="0.296"/>
  <testcase classname="saucedemoautomation.tests.SortProductsTest" name="sortByPrice" time="0.346"/>
  <testcase classname="saucedemoautomation.tests.AddProductsToCartTest" name="verifyCartBadgeAddFunctionality" time="2.492"/>
  <testcase classname="saucedemoautomation.tests.AddProductsToCartTest" name="verifyCartBadgeRemoveFunctionality" time="2.495"/>
  <testcase classname="saucedemoautomation.tests.LoginPageTest" name="VerifySignInFunctionality" time="2.943"/>
  <testcase classname="saucedemoautomation.tests.LoginPageTest" name="VerifySignInFunctionality" time="0.307"/>
  <testcase classname="saucedemoautomation.tests.LoginPageTest" name="VerifySignInFunctionality" time="0.288"/>
  <testcase classname="saucedemoautomation.tests.LoginPageTest" name="VerifySignInFunctionality" time="0.3"/>
  <testcase classname="saucedemoautomation.tests.CheckoutTest" name="verifyInvalidCheckoutInformation" time="2.854"/>
  <testcase classname="saucedemoautomation.tests.CheckoutTest" name="verifyValidCheckoutInformation" time="0.627"/>
</testsuite> <!-- Test on Firefox -->
