<?xml version="1.0" encoding="UTF-8"?>
<!-- Generated by org.testng.reporters.JUnitXMLReporter -->
<testsuite ignored="0" hostname="Drishtis-MBP.attlocal.net" failures="0" tests="13" name="Test" time="85.345" errors="0" timestamp="2024-08-18T19:37:53 CDT">
  <testcase classname="saucedemoautomation.tests.AcessCartTest" name="verifyCartProductNameAndPrice" time="0.968"/>
  <testcase classname="saucedemoautomation.tests.SortProductsTest" name="sortByName" time="1.18"/>
  <testcase classname="saucedemoautomation.tests.SortProductsTest" name="sortByName" time="0.588"/>
  <testcase classname="saucedemoautomation.tests.SortProductsTest" name="sortByPrice" time="0.252"/>
  <testcase classname="saucedemoautomation.tests.SortProductsTest" name="sortByPrice" time="0.22"/>
  <testcase classname="saucedemoautomation.tests.AddProductsToCartTest" name="verifyCartBadgeAddFunctionality" time="3.605"/>
  <testcase classname="saucedemoautomation.tests.AddProductsToCartTest" name="verifyCartBadgeRemoveFunctionality" time="2.6"/>
  <testcase classname="saucedemoautomation.tests.LoginPageTest" name="VerifySignInFunctionality" time="7.117"/>
  <testcase classname="saucedemoautomation.tests.LoginPageTest" name="VerifySignInFunctionality" time="1.359"/>
  <testcase classname="saucedemoautomation.tests.LoginPageTest" name="VerifySignInFunctionality" time="0.601"/>
  <testcase classname="saucedemoautomation.tests.LoginPageTest" name="VerifySignInFunctionality" time="0.467"/>
  <testcase classname="saucedemoautomation.tests.CheckoutTest" name="verifyInvalidCheckoutInformation" time="6.674"/>
  <testcase classname="saucedemoautomation.tests.CheckoutTest" name="verifyValidCheckoutInformation" time="1.727"/>
</testsuite> <!-- Test -->
