<?xml version="1.0" encoding="UTF-8"?>
<!-- Generated by org.testng.reporters.JUnitXMLReporter -->
<testsuite ignored="0" hostname="Drishtis-MBP.attlocal.net" failures="0" tests="13" name="Test on Chrome" time="90.902" errors="0" timestamp="2024-08-18T22:39:19 CDT">
  <testcase classname="saucedemoautomation.tests.AcessCartTest" name="verifyCartProductNameAndPrice" time="1.067"/>
  <testcase classname="saucedemoautomation.tests.SortProductsTest" name="sortByName" time="1.301"/>
  <testcase classname="saucedemoautomation.tests.SortProductsTest" name="sortByName" time="0.619"/>
  <testcase classname="saucedemoautomation.tests.SortProductsTest" name="sortByPrice" time="0.364"/>
  <testcase classname="saucedemoautomation.tests.SortProductsTest" name="sortByPrice" time="0.409"/>
  <testcase classname="saucedemoautomation.tests.AddProductsToCartTest" name="verifyCartBadgeAddFunctionality" time="3.576"/>
  <testcase classname="saucedemoautomation.tests.AddProductsToCartTest" name="verifyCartBadgeRemoveFunctionality" time="2.765"/>
  <testcase classname="saucedemoautomation.tests.LoginPageTest" name="VerifySignInFunctionality" time="7.567"/>
  <testcase classname="saucedemoautomation.tests.LoginPageTest" name="VerifySignInFunctionality" time="2.099"/>
  <testcase classname="saucedemoautomation.tests.LoginPageTest" name="VerifySignInFunctionality" time="0.713"/>
  <testcase classname="saucedemoautomation.tests.LoginPageTest" name="VerifySignInFunctionality" time="0.308"/>
  <testcase classname="saucedemoautomation.tests.CheckoutTest" name="verifyInvalidCheckoutInformation" time="6.667"/>
  <testcase classname="saucedemoautomation.tests.CheckoutTest" name="verifyValidCheckoutInformation" time="1.604"/>
</testsuite> <!-- Test on Chrome -->
