<?xml version="1.0" encoding="UTF-8"?>
<testsuite xmlns:xsi="http://www.w3.org/2001/XMLSchema-instance" xsi:noNamespaceSchemaLocation="https://maven.apache.org/surefire/maven-surefire-plugin/xsd/surefire-test-report-3.0.xsd" version="3.0" name="TestSuite" time="19.695" tests="13" errors="0" skipped="0" failures="0">
  <properties>
[...]
</properties>
  <testcase name="verifyCartBadgeAddFunctionality" classname="saucedemoautomation.tests.AddProductsToCartTest" time="2.107">
    <system-out><![CDATA[2024-08-18 22:33:48 INFO  saucedemoautomation.tests.AddProductsToCartTest - Setting up AddProductsToCartTest.
2024-08-18 22:33:48 INFO  saucedemoautomation.tests.AddProductsToCartTest - Logged in successfully.
2024-08-18 22:33:48 INFO  saucedemoautomation.tests.AddProductsToCartTest - Starting verifyCartBadgeAddFunctionality test.
2024-08-18 22:33:48 INFO  saucedemoautomation.tests.AddProductsToCartTest - Added Item 1 to cart. Expected badge number: 1
2024-08-18 22:33:48 INFO  saucedemoautomation.tests.AddProductsToCartTest - Verified badge number after adding 1st item
2024-08-18 22:33:48 INFO  saucedemoautomation.tests.AddProductsToCartTest - Added Item 1 to cart. Expected badge number: 2
2024-08-18 22:33:48 INFO  saucedemoautomation.tests.AddProductsToCartTest - Verified badge number after adding 2nd item
2024-08-18 22:33:50 INFO  saucedemoautomation.tests.AddProductsToCartTest - Finished verifyCartBadgeAddFunctionality test.
]]></system-out>
  </testcase>
  <testcase name="verifyCartBadgeRemoveFunctionality" classname="saucedemoautomation.tests.AddProductsToCartTest" time="2.08">
    <system-out><![CDATA[2024-08-18 22:33:50 INFO  saucedemoautomation.tests.AddProductsToCartTest - Starting verifyCartBadgeRemoveFunctionality test.
2024-08-18 22:33:50 INFO  saucedemoautomation.tests.AddProductsToCartTest - Removed Item 1 from cart. Expected badge number: 1
2024-08-18 22:33:50 INFO  saucedemoautomation.tests.AddProductsToCartTest - Verified badge number after removing 1st item
2024-08-18 22:33:50 INFO  saucedemoautomation.tests.AddProductsToCartTest - Removed Item 2 from cart. Expected badge number: 0
2024-08-18 22:33:50 INFO  saucedemoautomation.tests.AddProductsToCartTest - Verified badge number after removing 2nd item
2024-08-18 22:33:52 INFO  saucedemoautomation.tests.AddProductsToCartTest - Finished verifyCartBadgeRemoveFunctionality test.
]]></system-out>
  </testcase>
  <testcase name="verifyInvalidCheckoutInformation[Drishti, , 75019](1)" classname="saucedemoautomation.tests.CheckoutTest" time="2.302">
    <system-out><![CDATA[2024-08-18 22:33:54 INFO  saucedemoautomation.tests.CheckoutTest - Setting up CheckoutTest.
2024-08-18 22:33:54 INFO  saucedemoautomation.tests.CheckoutTest - Logged in successfully.
2024-08-18 22:33:54 INFO  saucedemoautomation.tests.CheckoutTest - Added Item 1 & Item 2 to cart.
2024-08-18 22:33:54 INFO  saucedemoautomation.tests.CheckoutTest - Navigated to the access cart page.
2024-08-18 22:33:54 INFO  saucedemoautomation.tests.CheckoutTest - Navigated to checkout information page.
2024-08-18 22:33:54 INFO  saucedemoautomation.tests.CheckoutTest - Starting verifyInvalidCheckoutInformation test.
2024-08-18 22:33:54 INFO  saucedemoautomation.tests.CheckoutTest - Verified URL is correct for checkout information page.
2024-08-18 22:33:54 INFO  saucedemoautomation.tests.CheckoutTest - Entered invalid customer information: First Name: Drishti, Last Name: , Postal Code: 75019
2024-08-18 22:33:54 INFO  saucedemoautomation.tests.CheckoutTest - Attempted to continue checkout with invalid information.
2024-08-18 22:33:54 INFO  saucedemoautomation.tests.CheckoutTest - Received expected error message for invalid last name.
2024-08-18 22:33:54 INFO  saucedemoautomation.tests.CheckoutTest - Dismissed error message.
2024-08-18 22:33:56 INFO  saucedemoautomation.tests.CheckoutTest - Refreshed checkout information page.
2024-08-18 22:33:56 INFO  saucedemoautomation.tests.CheckoutTest - Finished verifyInvalidCheckoutInformation test.
]]></system-out>
  </testcase>
  <testcase name="verifyValidCheckoutInformation[Drishti, Singh, 75019](1)" classname="saucedemoautomation.tests.CheckoutTest" time="0.226">
    <system-out><![CDATA[2024-08-18 22:33:56 INFO  saucedemoautomation.tests.CheckoutTest - Starting verifyValidCheckoutInformation test.
2024-08-18 22:33:56 INFO  saucedemoautomation.tests.CheckoutTest - Verified URL is correct for checkout information page.
2024-08-18 22:33:56 INFO  saucedemoautomation.tests.CheckoutTest - Entered customer information: First Name: Drishti, Last Name: Singh, Postal Code: 75019
2024-08-18 22:33:57 INFO  saucedemoautomation.tests.CheckoutTest - Continued to checkout overview.
2024-08-18 22:33:57 INFO  saucedemoautomation.tests.CheckoutTest - Verified URL is correct for checkout overview page.
Tax: $3.68
2024-08-18 22:33:57 INFO  saucedemoautomation.tests.CheckoutTest - Verified Calculated tax is present.
2024-08-18 22:33:57 INFO  saucedemoautomation.tests.CheckoutTest - Finished checkout process.
2024-08-18 22:33:57 INFO  saucedemoautomation.tests.CheckoutTest - Verified URL is correct for order confirmation page.
Thank you for your order!
2024-08-18 22:33:57 INFO  saucedemoautomation.tests.CheckoutTest - Verified order confirmation text.
2024-08-18 22:33:57 INFO  saucedemoautomation.tests.CheckoutTest - Finished verifyValidCheckoutInformation test.
]]></system-out>
  </testcase>
  <testcase name="verifyCartProductNameAndPrice" classname="saucedemoautomation.tests.AcessCartTest" time="0.072">
    <system-out><![CDATA[2024-08-18 22:33:58 INFO  saucedemoautomation.tests.AcessCartTest - Setting up AcessCartTest.
2024-08-18 22:33:58 INFO  saucedemoautomation.tests.AcessCartTest - Logged in successfully.
2024-08-18 22:33:58 INFO  saucedemoautomation.tests.AcessCartTest - Added Item 1 & Item 2 to cart.
2024-08-18 22:33:58 INFO  saucedemoautomation.tests.AcessCartTest - Navigated to the access cart page.
2024-08-18 22:33:58 INFO  saucedemoautomation.tests.AcessCartTest - Starting verifyCartProductNameAndPrice test.
Expected Item Names Are: [Sauce Labs Backpack, Test.allTheThings() T-Shirt (Red)]
Item Names In Cart Are: [Sauce Labs Backpack, Test.allTheThings() T-Shirt (Red)]
2024-08-18 22:33:58 INFO  saucedemoautomation.tests.AcessCartTest - Product names in the cart are as expected.
Expected Item Prices Are: [29.99, 15.99]
Item Prices In Cart Are: [29.99, 15.99]
2024-08-18 22:33:58 INFO  saucedemoautomation.tests.AcessCartTest - Item prices in the cart are as expected.
2024-08-18 22:33:58 INFO  saucedemoautomation.tests.AcessCartTest - Finished verifyCartProductNameAndPrice test.
]]></system-out>
  </testcase>
  <testcase name="sortByName[za](1)" classname="saucedemoautomation.tests.SortProductsTest" time="0.104">
    <system-out><![CDATA[2024-08-18 22:34:00 INFO  saucedemoautomation.tests.SortProductsTest - Setting up SortProductsTest.
2024-08-18 22:34:00 INFO  saucedemoautomation.tests.SortProductsTest - Logged in successfully.
2024-08-18 22:34:00 INFO  saucedemoautomation.tests.SortProductsTest - Starting sortByName test with filter: za
Product Names: [Test.allTheThings() T-Shirt (Red), Sauce Labs Onesie, Sauce Labs Fleece Jacket, Sauce Labs Bolt T-Shirt, Sauce Labs Bike Light, Sauce Labs Backpack]
Expected Product Names: [Test.allTheThings() T-Shirt (Red), Sauce Labs Onesie, Sauce Labs Fleece Jacket, Sauce Labs Bolt T-Shirt, Sauce Labs Bike Light, Sauce Labs Backpack]
2024-08-18 22:34:00 INFO  saucedemoautomation.tests.SortProductsTest - Sort by name test completed with filter: za
]]></system-out>
  </testcase>
  <testcase name="sortByName[az](2)" classname="saucedemoautomation.tests.SortProductsTest" time="0.072">
    <system-out><![CDATA[2024-08-18 22:34:00 INFO  saucedemoautomation.tests.SortProductsTest - Starting sortByName test with filter: az
Product Names: [Sauce Labs Backpack, Sauce Labs Bike Light, Sauce Labs Bolt T-Shirt, Sauce Labs Fleece Jacket, Sauce Labs Onesie, Test.allTheThings() T-Shirt (Red)]
Expected Product Names: [Sauce Labs Backpack, Sauce Labs Bike Light, Sauce Labs Bolt T-Shirt, Sauce Labs Fleece Jacket, Sauce Labs Onesie, Test.allTheThings() T-Shirt (Red)]
2024-08-18 22:34:00 INFO  saucedemoautomation.tests.SortProductsTest - Sort by name test completed with filter: az
]]></system-out>
  </testcase>
  <testcase name="sortByPrice[lohi](1)" classname="saucedemoautomation.tests.SortProductsTest" time="0.081">
    <system-out><![CDATA[2024-08-18 22:34:00 INFO  saucedemoautomation.tests.SortProductsTest - Starting sortByPrice test with filter: lohi
Product Prices: [7.99, 9.99, 15.99, 15.99, 29.99, 49.99]
Expected Product Prices: [7.99, 9.99, 15.99, 15.99, 29.99, 49.99]
2024-08-18 22:34:00 INFO  saucedemoautomation.tests.SortProductsTest - Sort by price test completed with filter: lohi
]]></system-out>
  </testcase>
  <testcase name="sortByPrice[hilo](2)" classname="saucedemoautomation.tests.SortProductsTest" time="0.068">
    <system-out><![CDATA[2024-08-18 22:34:00 INFO  saucedemoautomation.tests.SortProductsTest - Starting sortByPrice test with filter: hilo
Product Prices: [49.99, 29.99, 15.99, 15.99, 9.99, 7.99]
Expected Product Prices: [49.99, 29.99, 15.99, 15.99, 9.99, 7.99]
2024-08-18 22:34:00 INFO  saucedemoautomation.tests.SortProductsTest - Sort by price test completed with filter: hilo
]]></system-out>
  </testcase>
  <testcase name="VerifySignInFunctionality[valid, standard_user, secret_sauce](1)" classname="saucedemoautomation.tests.LoginPageTest" time="2.319">
    <system-out><![CDATA[2024-08-18 22:34:02 INFO  saucedemoautomation.tests.LoginPageTest - Starting VerifySignInFunctionality test with condition: valid
2024-08-18 22:34:02 INFO  saucedemoautomation.tests.LoginPageTest - Successfully logged in with valid credentials.
]]></system-out>
  </testcase>
  <testcase name="VerifySignInFunctionality[lockedout, locked_out_user, secret_sauce](2)" classname="saucedemoautomation.tests.LoginPageTest" time="0.125">
    <system-out><![CDATA[2024-08-18 22:34:04 INFO  saucedemoautomation.tests.LoginPageTest - Resetting state by navigating back to the base URL.
2024-08-18 22:34:04 INFO  saucedemoautomation.tests.LoginPageTest - Starting VerifySignInFunctionality test with condition: lockedout
2024-08-18 22:34:04 INFO  saucedemoautomation.tests.LoginPageTest - Attempted to log in with locked user credentials.
]]></system-out>
  </testcase>
  <testcase name="VerifySignInFunctionality[invalidPW, standard_user, secret](3)" classname="saucedemoautomation.tests.LoginPageTest" time="0.145">
    <system-out><![CDATA[2024-08-18 22:34:04 INFO  saucedemoautomation.tests.LoginPageTest - Resetting state by navigating back to the base URL.
2024-08-18 22:34:04 INFO  saucedemoautomation.tests.LoginPageTest - Starting VerifySignInFunctionality test with condition: invalidPW
2024-08-18 22:34:05 INFO  saucedemoautomation.tests.LoginPageTest - Attempted to log in with an invalid password.
]]></system-out>
  </testcase>
  <testcase name="VerifySignInFunctionality[emptyUM, , secret_sauce](4)" classname="saucedemoautomation.tests.LoginPageTest" time="0.118">
    <system-out><![CDATA[2024-08-18 22:34:05 INFO  saucedemoautomation.tests.LoginPageTest - Resetting state by navigating back to the base URL.
2024-08-18 22:34:05 INFO  saucedemoautomation.tests.LoginPageTest - Starting VerifySignInFunctionality test with condition: emptyUM
2024-08-18 22:34:05 INFO  saucedemoautomation.tests.LoginPageTest - Attempted to log in with an empty username.
]]></system-out>
  </testcase>
</testsuite>