<?xml version="1.0" encoding="UTF-8"?>
<testng-results ignored="0" total="13" passed="13" failed="0" skipped="0">
  <reporter-output>
  </reporter-output>
  <suite started-at="2024-08-18T22:33:46 CDT" name="Surefire suite" finished-at="2024-08-18T22:34:05 CDT" duration-ms="19337">
    <groups>
    </groups>
    <test started-at="2024-08-18T22:33:46 CDT" name="Surefire test" finished-at="2024-08-18T22:34:05 CDT" duration-ms="19337">
      <class name="saucedemoautomation.tests.LoginPageTest">
        <test-method is-config="true" signature="setUp(java.lang.String)[pri:0, instance:saucedemoautomation.tests.LoginPageTest@36328d33]" started-at="2024-08-18T22:34:01 CDT" name="setUp" finished-at="2024-08-18T22:34:02 CDT" duration-ms="1420" status="PASS">
          <params>
            <param index="0">
              <value>
                <![CDATA[Chrome]]>
              </value>
            </param>
          </params>
          <reporter-output>
          </reporter-output>
        </test-method> <!-- setUp -->
        <test-method signature="VerifySignInFunctionality(java.lang.String,java.lang.String,java.lang.String)[pri:0, instance:saucedemoautomation.tests.LoginPageTest@36328d33]" started-at="2024-08-18T22:34:02 CDT" name="VerifySignInFunctionality" data-provider="getCredentials" finished-at="2024-08-18T22:34:04 CDT" duration-ms="2319" status="PASS">
          <params>
            <param index="0">
              <value>
                <![CDATA[valid]]>
              </value>
            </param>
            <param index="1">
              <value>
                <![CDATA[standard_user]]>
              </value>
            </param>
            <param index="2">
              <value>
                <![CDATA[secret_sauce]]>
              </value>
            </param>
          </params>
          <reporter-output>
          </reporter-output>
        </test-method> <!-- VerifySignInFunctionality -->
        <test-method is-config="true" signature="resetState()[pri:0, instance:saucedemoautomation.tests.LoginPageTest@36328d33]" started-at="2024-08-18T22:34:04 CDT" name="resetState" finished-at="2024-08-18T22:34:04 CDT" duration-ms="30" status="PASS">
          <reporter-output>
          </reporter-output>
        </test-method> <!-- resetState -->
        <test-method signature="VerifySignInFunctionality(java.lang.String,java.lang.String,java.lang.String)[pri:0, instance:saucedemoautomation.tests.LoginPageTest@36328d33]" started-at="2024-08-18T22:34:04 CDT" name="VerifySignInFunctionality" data-provider="getCredentials" finished-at="2024-08-18T22:34:04 CDT" duration-ms="125" status="PASS">
          <params>
            <param index="0">
              <value>
                <![CDATA[lockedout]]>
              </value>
            </param>
            <param index="1">
              <value>
                <![CDATA[locked_out_user]]>
              </value>
            </param>
            <param index="2">
              <value>
                <![CDATA[secret_sauce]]>
              </value>
            </param>
          </params>
          <reporter-output>
          </reporter-output>
        </test-method> <!-- VerifySignInFunctionality -->
        <test-method is-config="true" signature="resetState()[pri:0, instance:saucedemoautomation.tests.LoginPageTest@36328d33]" started-at="2024-08-18T22:34:04 CDT" name="resetState" finished-at="2024-08-18T22:34:04 CDT" duration-ms="19" status="PASS">
          <reporter-output>
          </reporter-output>
        </test-method> <!-- resetState -->
        <test-method signature="VerifySignInFunctionality(java.lang.String,java.lang.String,java.lang.String)[pri:0, instance:saucedemoautomation.tests.LoginPageTest@36328d33]" started-at="2024-08-18T22:34:04 CDT" name="VerifySignInFunctionality" data-provider="getCredentials" finished-at="2024-08-18T22:34:05 CDT" duration-ms="146" status="PASS">
          <params>
            <param index="0">
              <value>
                <![CDATA[invalidPW]]>
              </value>
            </param>
            <param index="1">
              <value>
                <![CDATA[standard_user]]>
              </value>
            </param>
            <param index="2">
              <value>
                <![CDATA[secret]]>
              </value>
            </param>
          </params>
          <reporter-output>
          </reporter-output>
        </test-method> <!-- VerifySignInFunctionality -->
        <test-method is-config="true" signature="resetState()[pri:0, instance:saucedemoautomation.tests.LoginPageTest@36328d33]" started-at="2024-08-18T22:34:05 CDT" name="resetState" finished-at="2024-08-18T22:34:05 CDT" duration-ms="17" status="PASS">
          <reporter-output>
          </reporter-output>
        </test-method> <!-- resetState -->
        <test-method signature="VerifySignInFunctionality(java.lang.String,java.lang.String,java.lang.String)[pri:0, instance:saucedemoautomation.tests.LoginPageTest@36328d33]" started-at="2024-08-18T22:34:05 CDT" name="VerifySignInFunctionality" data-provider="getCredentials" finished-at="2024-08-18T22:34:05 CDT" duration-ms="120" status="PASS">
          <params>
            <param index="0">
              <value>
                <![CDATA[emptyUM]]>
              </value>
            </param>
            <param index="1">
              <value>
                <![CDATA[]]>
              </value>
            </param>
            <param index="2">
              <value>
                <![CDATA[secret_sauce]]>
              </value>
            </param>
          </params>
          <reporter-output>
          </reporter-output>
        </test-method> <!-- VerifySignInFunctionality -->
        <test-method is-config="true" signature="resetState()[pri:0, instance:saucedemoautomation.tests.LoginPageTest@36328d33]" started-at="2024-08-18T22:34:05 CDT" name="resetState" finished-at="2024-08-18T22:34:05 CDT" duration-ms="16" status="PASS">
          <reporter-output>
          </reporter-output>
        </test-method> <!-- resetState -->
        <test-method is-config="true" signature="tearDown()[pri:0, instance:saucedemoautomation.tests.LoginPageTest@36328d33]" started-at="2024-08-18T22:34:05 CDT" name="tearDown" finished-at="2024-08-18T22:34:05 CDT" duration-ms="94" status="PASS">
          <reporter-output>
          </reporter-output>
        </test-method> <!-- tearDown -->
      </class> <!-- saucedemoautomation.tests.LoginPageTest -->
      <class name="saucedemoautomation.tests.AddProductsToCartTest">
        <test-method is-config="true" signature="setUp(java.lang.String)[pri:0, instance:saucedemoautomation.tests.AddProductsToCartTest@602e0143]" started-at="2024-08-18T22:33:46 CDT" name="setUp" finished-at="2024-08-18T22:33:48 CDT" duration-ms="2314" status="PASS">
          <params>
            <param index="0">
              <value>
                <![CDATA[Chrome]]>
              </value>
            </param>
          </params>
          <reporter-output>
          </reporter-output>
        </test-method> <!-- setUp -->
        <test-method is-config="true" signature="setUpAddProductsToCartTest()[pri:0, instance:saucedemoautomation.tests.AddProductsToCartTest@602e0143]" started-at="2024-08-18T22:33:48 CDT" name="setUpAddProductsToCartTest" finished-at="2024-08-18T22:33:48 CDT" duration-ms="219" status="PASS">
          <reporter-output>
          </reporter-output>
        </test-method> <!-- setUpAddProductsToCartTest -->
        <test-method signature="verifyCartBadgeAddFunctionality()[pri:0, instance:saucedemoautomation.tests.AddProductsToCartTest@602e0143]" started-at="2024-08-18T22:33:48 CDT" name="verifyCartBadgeAddFunctionality" finished-at="2024-08-18T22:33:50 CDT" duration-ms="2107" status="PASS">
          <reporter-output>
          </reporter-output>
        </test-method> <!-- verifyCartBadgeAddFunctionality -->
        <test-method signature="verifyCartBadgeRemoveFunctionality()[pri:0, instance:saucedemoautomation.tests.AddProductsToCartTest@602e0143]" started-at="2024-08-18T22:33:50 CDT" name="verifyCartBadgeRemoveFunctionality" finished-at="2024-08-18T22:33:52 CDT" duration-ms="2080" status="PASS">
          <reporter-output>
          </reporter-output>
        </test-method> <!-- verifyCartBadgeRemoveFunctionality -->
        <test-method is-config="true" signature="tearDown()[pri:0, instance:saucedemoautomation.tests.AddProductsToCartTest@602e0143]" started-at="2024-08-18T22:33:52 CDT" name="tearDown" finished-at="2024-08-18T22:33:52 CDT" duration-ms="106" status="PASS">
          <reporter-output>
          </reporter-output>
        </test-method> <!-- tearDown -->
      </class> <!-- saucedemoautomation.tests.AddProductsToCartTest -->
      <class name="saucedemoautomation.tests.SortProductsTest">
        <test-method is-config="true" signature="setUp(java.lang.String)[pri:0, instance:saucedemoautomation.tests.SortProductsTest@c94fd30]" started-at="2024-08-18T22:33:59 CDT" name="setUp" finished-at="2024-08-18T22:34:00 CDT" duration-ms="1408" status="PASS">
          <params>
            <param index="0">
              <value>
                <![CDATA[Chrome]]>
              </value>
            </param>
          </params>
          <reporter-output>
          </reporter-output>
        </test-method> <!-- setUp -->
        <test-method is-config="true" signature="setUpSortProductTest()[pri:0, instance:saucedemoautomation.tests.SortProductsTest@c94fd30]" started-at="2024-08-18T22:34:00 CDT" name="setUpSortProductTest" finished-at="2024-08-18T22:34:00 CDT" duration-ms="174" status="PASS">
          <reporter-output>
          </reporter-output>
        </test-method> <!-- setUpSortProductTest -->
        <test-method signature="sortByName(java.lang.String)[pri:0, instance:saucedemoautomation.tests.SortProductsTest@c94fd30]" started-at="2024-08-18T22:34:00 CDT" name="sortByName" data-provider="getNameFilter" finished-at="2024-08-18T22:34:00 CDT" duration-ms="104" status="PASS">
          <params>
            <param index="0">
              <value>
                <![CDATA[za]]>
              </value>
            </param>
          </params>
          <reporter-output>
          </reporter-output>
        </test-method> <!-- sortByName -->
        <test-method signature="sortByName(java.lang.String)[pri:0, instance:saucedemoautomation.tests.SortProductsTest@c94fd30]" started-at="2024-08-18T22:34:00 CDT" name="sortByName" data-provider="getNameFilter" finished-at="2024-08-18T22:34:00 CDT" duration-ms="72" status="PASS">
          <params>
            <param index="0">
              <value>
                <![CDATA[az]]>
              </value>
            </param>
          </params>
          <reporter-output>
          </reporter-output>
        </test-method> <!-- sortByName -->
        <test-method signature="sortByPrice(java.lang.String)[pri:0, instance:saucedemoautomation.tests.SortProductsTest@c94fd30]" started-at="2024-08-18T22:34:00 CDT" name="sortByPrice" data-provider="getPriceFilter" finished-at="2024-08-18T22:34:00 CDT" duration-ms="82" status="PASS">
          <params>
            <param index="0">
              <value>
                <![CDATA[lohi]]>
              </value>
            </param>
          </params>
          <reporter-output>
          </reporter-output>
        </test-method> <!-- sortByPrice -->
        <test-method signature="sortByPrice(java.lang.String)[pri:0, instance:saucedemoautomation.tests.SortProductsTest@c94fd30]" started-at="2024-08-18T22:34:00 CDT" name="sortByPrice" data-provider="getPriceFilter" finished-at="2024-08-18T22:34:00 CDT" duration-ms="68" status="PASS">
          <params>
            <param index="0">
              <value>
                <![CDATA[hilo]]>
              </value>
            </param>
          </params>
          <reporter-output>
          </reporter-output>
        </test-method> <!-- sortByPrice -->
        <test-method is-config="true" signature="tearDown()[pri:0, instance:saucedemoautomation.tests.SortProductsTest@c94fd30]" started-at="2024-08-18T22:34:00 CDT" name="tearDown" finished-at="2024-08-18T22:34:01 CDT" duration-ms="92" status="PASS">
          <reporter-output>
          </reporter-output>
        </test-method> <!-- tearDown -->
      </class> <!-- saucedemoautomation.tests.SortProductsTest -->
      <class name="saucedemoautomation.tests.AcessCartTest">
        <test-method is-config="true" signature="setUp(java.lang.String)[pri:0, instance:saucedemoautomation.tests.AcessCartTest@76f4b65]" started-at="2024-08-18T22:33:57 CDT" name="setUp" finished-at="2024-08-18T22:33:58 CDT" duration-ms="1412" status="PASS">
          <params>
            <param index="0">
              <value>
                <![CDATA[Chrome]]>
              </value>
            </param>
          </params>
          <reporter-output>
          </reporter-output>
        </test-method> <!-- setUp -->
        <test-method is-config="true" signature="setUpAcessCartTest()[pri:0, instance:saucedemoautomation.tests.AcessCartTest@76f4b65]" started-at="2024-08-18T22:33:58 CDT" name="setUpAcessCartTest" finished-at="2024-08-18T22:33:58 CDT" duration-ms="269" status="PASS">
          <reporter-output>
          </reporter-output>
        </test-method> <!-- setUpAcessCartTest -->
        <test-method signature="verifyCartProductNameAndPrice()[pri:0, instance:saucedemoautomation.tests.AcessCartTest@76f4b65]" started-at="2024-08-18T22:33:58 CDT" name="verifyCartProductNameAndPrice" finished-at="2024-08-18T22:33:58 CDT" duration-ms="73" status="PASS">
          <reporter-output>
          </reporter-output>
        </test-method> <!-- verifyCartProductNameAndPrice -->
        <test-method is-config="true" signature="tearDown()[pri:0, instance:saucedemoautomation.tests.AcessCartTest@76f4b65]" started-at="2024-08-18T22:33:58 CDT" name="tearDown" finished-at="2024-08-18T22:33:59 CDT" duration-ms="90" status="PASS">
          <reporter-output>
          </reporter-output>
        </test-method> <!-- tearDown -->
      </class> <!-- saucedemoautomation.tests.AcessCartTest -->
      <class name="saucedemoautomation.tests.CheckoutTest">
        <test-method is-config="true" signature="setUp(java.lang.String)[pri:0, instance:saucedemoautomation.tests.CheckoutTest@34c01041]" started-at="2024-08-18T22:33:52 CDT" name="setUp" finished-at="2024-08-18T22:33:54 CDT" duration-ms="1417" status="PASS">
          <params>
            <param index="0">
              <value>
                <![CDATA[Chrome]]>
              </value>
            </param>
          </params>
          <reporter-output>
          </reporter-output>
        </test-method> <!-- setUp -->
        <test-method is-config="true" signature="setUpCheckoutTest()[pri:0, instance:saucedemoautomation.tests.CheckoutTest@34c01041]" started-at="2024-08-18T22:33:54 CDT" name="setUpCheckoutTest" finished-at="2024-08-18T22:33:54 CDT" duration-ms="297" status="PASS">
          <reporter-output>
          </reporter-output>
        </test-method> <!-- setUpCheckoutTest -->
        <test-method signature="verifyInvalidCheckoutInformation(java.lang.String,java.lang.String,java.lang.String)[pri:0, instance:saucedemoautomation.tests.CheckoutTest@34c01041]" started-at="2024-08-18T22:33:54 CDT" name="verifyInvalidCheckoutInformation" data-provider="getInvalidCustomerInformation" finished-at="2024-08-18T22:33:56 CDT" duration-ms="2302" status="PASS">
          <params>
            <param index="0">
              <value>
                <![CDATA[Drishti]]>
              </value>
            </param>
            <param index="1">
              <value>
                <![CDATA[]]>
              </value>
            </param>
            <param index="2">
              <value>
                <![CDATA[75019]]>
              </value>
            </param>
          </params>
          <reporter-output>
          </reporter-output>
        </test-method> <!-- verifyInvalidCheckoutInformation -->
        <test-method signature="verifyValidCheckoutInformation(java.lang.String,java.lang.String,java.lang.String)[pri:0, instance:saucedemoautomation.tests.CheckoutTest@34c01041]" started-at="2024-08-18T22:33:56 CDT" name="verifyValidCheckoutInformation" data-provider="getCustomerInformation" finished-at="2024-08-18T22:33:57 CDT" duration-ms="226" status="PASS">
          <params>
            <param index="0">
              <value>
                <![CDATA[Drishti]]>
              </value>
            </param>
            <param index="1">
              <value>
                <![CDATA[Singh]]>
              </value>
            </param>
            <param index="2">
              <value>
                <![CDATA[75019]]>
              </value>
            </param>
          </params>
          <reporter-output>
          </reporter-output>
        </test-method> <!-- verifyValidCheckoutInformation -->
        <test-method is-config="true" signature="tearDown()[pri:0, instance:saucedemoautomation.tests.CheckoutTest@34c01041]" started-at="2024-08-18T22:33:57 CDT" name="tearDown" finished-at="2024-08-18T22:33:57 CDT" duration-ms="95" status="PASS">
          <reporter-output>
          </reporter-output>
        </test-method> <!-- tearDown -->
      </class> <!-- saucedemoautomation.tests.CheckoutTest -->
    </test> <!-- Surefire test -->
  </suite> <!-- Surefire suite -->
</testng-results>
